<?xml version="1.0" encoding="UTF-8"?>
<!-- Generated by org.testng.reporters.JUnitXMLReporter -->
<testsuite ignored="0" hostname="a29879c3c9735dd" failures="2" tests="2" name="Test" time="47.35" errors="0" timestamp="2023-10-07T20:54:17 IST">
  <testcase classname="automation.TestApplication" name="verifyAjaxLoader" time="21.241">
    <failure type="java.io.IOException" message="Destination &amp;apos;C:\Users\Administrator\E2EProject\test-output\screenshots&amp;apos; exists but is a directory">
      <![CDATA[java.io.IOException: Destination 'C:\Users\Administrator\E2EProject\test-output\screenshots' exists but is a directory
at org.apache.commons.io.FileUtils.doCopyFile(FileUtils.java:1118)
at org.apache.commons.io.FileUtils.copyFile(FileUtils.java:1076)
at org.apache.commons.io.FileUtils.copyFile(FileUtils.java:1028)
at techademy.base.takeScreenshot(base.java:60)
at automation.TestApplication.verifyAjaxLoader(TestApplication.java:37)
at java.base/java.util.ArrayList.forEach(ArrayList.java:1541)
... Removed 27 stack frames]]>
    </failure>
  </testcase> <!-- verifyAjaxLoader -->
  <testcase classname="automation.TestApplication" name="verifypupUp" time="21.317">
    <failure type="java.io.IOException" message="Destination &amp;apos;C:\Users\Administrator\E2EProject\test-output\screenshots&amp;apos; exists but is a directory">
      <![CDATA[java.io.IOException: Destination 'C:\Users\Administrator\E2EProject\test-output\screenshots' exists but is a directory
at org.apache.commons.io.FileUtils.doCopyFile(FileUtils.java:1118)
at org.apache.commons.io.FileUtils.copyFile(FileUtils.java:1076)
at org.apache.commons.io.FileUtils.copyFile(FileUtils.java:1028)
at techademy.base.takeScreenshot(base.java:60)
at automation.TestApplication.verifyAjaxLoader(TestApplication.java:37)
at automation.TestApplication.verifypupUp(TestApplication.java:42)
at java.base/java.util.ArrayList.forEach(ArrayList.java:1541)
... Removed 27 stack frames]]>
    </failure>
  </testcase> <!-- verifypupUp -->
</testsuite> <!-- Test -->
